<?xml version="1.0" encoding="UTF-8" ?>
<testsuite failures="0" time="0.012" errors="0" skipped="0" tests="47" name="com.m12i.jp1ajs2.unitdef.parser.ParsersTest">
  <properties>
[...]
</properties>
  <testcase time="0" classname="com.m12i.jp1ajs2.unitdef.parser.ParsersTest" name="parseAbc123Test00"/>
  <testcase time="0" classname="com.m12i.jp1ajs2.unitdef.parser.ParsersTest" name="parseAbc123Test01"/>
  <testcase time="0" classname="com.m12i.jp1ajs2.unitdef.parser.ParsersTest" name="parseAbc123Test02"/>
  <testcase time="0" classname="com.m12i.jp1ajs2.unitdef.parser.ParsersTest" name="parseAbc123Test03"/>
  <testcase time="0" classname="com.m12i.jp1ajs2.unitdef.parser.ParsersTest" name="parseUntilTest00"/>
  <testcase time="0" classname="com.m12i.jp1ajs2.unitdef.parser.ParsersTest" name="parseUntilTest01"/>
  <testcase time="0" classname="com.m12i.jp1ajs2.unitdef.parser.ParsersTest" name="parseUntilTest02"/>
  <testcase time="0" classname="com.m12i.jp1ajs2.unitdef.parser.ParsersTest" name="parseNumberTest00"/>
  <testcase time="0" classname="com.m12i.jp1ajs2.unitdef.parser.ParsersTest" name="parseNumberTest01"/>
  <testcase time="0" classname="com.m12i.jp1ajs2.unitdef.parser.ParsersTest" name="parseNumberTest02"/>
  <testcase time="0" classname="com.m12i.jp1ajs2.unitdef.parser.ParsersTest" name="parseNumberTest03"/>
  <testcase time="0" classname="com.m12i.jp1ajs2.unitdef.parser.ParsersTest" name="parseNumberTest04"/>
  <testcase time="0" classname="com.m12i.jp1ajs2.unitdef.parser.ParsersTest" name="parseNumberTest05"/>
  <testcase time="0" classname="com.m12i.jp1ajs2.unitdef.parser.ParsersTest" name="parseNumberTest06"/>
  <testcase time="0" classname="com.m12i.jp1ajs2.unitdef.parser.ParsersTest" name="parseNumberTest07"/>
  <testcase time="0" classname="com.m12i.jp1ajs2.unitdef.parser.ParsersTest" name="parseNumberTest08"/>
  <testcase time="0.001" classname="com.m12i.jp1ajs2.unitdef.parser.ParsersTest" name="parseNumberTest09"/>
  <testcase time="0" classname="com.m12i.jp1ajs2.unitdef.parser.ParsersTest" name="checkWordTest00"/>
  <testcase time="0.007" classname="com.m12i.jp1ajs2.unitdef.parser.ParsersTest" name="checkWordTest01"/>
  <testcase time="0" classname="com.m12i.jp1ajs2.unitdef.parser.ParsersTest" name="checkWordTest02"/>
  <testcase time="0" classname="com.m12i.jp1ajs2.unitdef.parser.ParsersTest" name="checkWordTest03"/>
  <testcase time="0" classname="com.m12i.jp1ajs2.unitdef.parser.ParsersTest" name="skipCommentTest00"/>
  <testcase time="0" classname="com.m12i.jp1ajs2.unitdef.parser.ParsersTest" name="skipCommentTest01"/>
  <testcase time="0" classname="com.m12i.jp1ajs2.unitdef.parser.ParsersTest" name="skipCommentTest02"/>
  <testcase time="0" classname="com.m12i.jp1ajs2.unitdef.parser.ParsersTest" name="skipCommentTest03"/>
  <testcase time="0" classname="com.m12i.jp1ajs2.unitdef.parser.ParsersTest" name="skipCommentTest04"/>
  <testcase time="0" classname="com.m12i.jp1ajs2.unitdef.parser.ParsersTest" name="parseAbc123_$Test00"/>
  <testcase time="0" classname="com.m12i.jp1ajs2.unitdef.parser.ParsersTest" name="parseAbc123_$Test01"/>
  <testcase time="0" classname="com.m12i.jp1ajs2.unitdef.parser.ParsersTest" name="parseAbc123_$Test02"/>
  <testcase time="0" classname="com.m12i.jp1ajs2.unitdef.parser.ParsersTest" name="parseAbc123_$Test03"/>
  <testcase time="0" classname="com.m12i.jp1ajs2.unitdef.parser.ParsersTest" name="parseQuotedStringTest00"/>
  <testcase time="0" classname="com.m12i.jp1ajs2.unitdef.parser.ParsersTest" name="parseQuotedStringTest01"/>
  <testcase time="0" classname="com.m12i.jp1ajs2.unitdef.parser.ParsersTest" name="parseQuotedStringTest02"/>
  <testcase time="0" classname="com.m12i.jp1ajs2.unitdef.parser.ParsersTest" name="parseQuotedStringTest03"/>
  <testcase time="0" classname="com.m12i.jp1ajs2.unitdef.parser.ParsersTest" name="parseQuotedStringTest04"/>
  <testcase time="0" classname="com.m12i.jp1ajs2.unitdef.parser.ParsersTest" name="checkTest00"/>
  <testcase time="0.001" classname="com.m12i.jp1ajs2.unitdef.parser.ParsersTest" name="checkTest01"/>
  <testcase time="0.001" classname="com.m12i.jp1ajs2.unitdef.parser.ParsersTest" name="skipWordTest01"/>
  <testcase time="0" classname="com.m12i.jp1ajs2.unitdef.parser.ParsersTest" name="skipWordTest02"/>
  <testcase time="0" classname="com.m12i.jp1ajs2.unitdef.parser.ParsersTest" name="parseRawStringTest00"/>
  <testcase time="0.001" classname="com.m12i.jp1ajs2.unitdef.parser.ParsersTest" name="parseRawStringTest01"/>
  <testcase time="0" classname="com.m12i.jp1ajs2.unitdef.parser.ParsersTest" name="parseRawStringTest02"/>
  <testcase time="0.001" classname="com.m12i.jp1ajs2.unitdef.parser.ParsersTest" name="parseRawStringTest03"/>
  <testcase time="0" classname="com.m12i.jp1ajs2.unitdef.parser.ParsersTest" name="parseAbcTest00"/>
  <testcase time="0" classname="com.m12i.jp1ajs2.unitdef.parser.ParsersTest" name="parseAbcTest01"/>
  <testcase time="0" classname="com.m12i.jp1ajs2.unitdef.parser.ParsersTest" name="parseAbcTest02"/>
  <testcase time="0" classname="com.m12i.jp1ajs2.unitdef.parser.ParsersTest" name="parseAbcTest03"/>
</testsuite>